TN:
SF:/home/xmasapple/progs/pub_s21/c/s21_string.h/src/check.c
FN:7,main
FNDA:53,main
DA:7,53
DA:8,53
DA:10,53
DA:11,49
DA:12,32
DA:13,31
DA:14,20
DA:16,1
end_of_record
TN:
SF:/home/xmasapple/progs/pub_s21/c/s21_string.h/src/tests/check_s21_cs_string.c
FN:3,test_s21_to_upper
FNDA:1,test_s21_to_upper
FN:20,test_s21_to_lower
FNDA:1,test_s21_to_lower
FN:37,test_s21_insert
FNDA:1,test_s21_insert
FN:53,test_s21_trim
FNDA:1,test_s21_trim
FN:64,s21_cs_string_suite
FNDA:53,s21_cs_string_suite
FN:80,test_cs_string
FNDA:53,test_cs_string
DA:3,1
DA:4,1
DA:5,1
DA:6,1
DA:7,1
DA:8,1
DA:9,1
DA:11,1
DA:12,1
DA:13,1
DA:14,1
DA:15,1
DA:16,1
DA:18,1
DA:20,1
DA:21,1
DA:22,1
DA:23,1
DA:24,1
DA:25,1
DA:26,1
DA:28,1
DA:29,1
DA:30,1
DA:31,1
DA:32,1
DA:33,1
DA:35,1
DA:37,1
DA:38,1
DA:39,1
DA:40,1
DA:41,1
DA:42,1
DA:44,1
DA:45,1
DA:46,1
DA:48,1
DA:49,1
DA:51,1
DA:53,1
DA:54,1
DA:55,1
DA:56,1
DA:57,1
DA:59,1
DA:60,1
DA:62,1
DA:64,53
DA:68,53
DA:69,53
DA:71,53
DA:72,53
DA:73,53
DA:74,53
DA:75,53
DA:77,53
DA:80,53
DA:81,53
DA:86,53
DA:87,53
DA:89,53
DA:90,49
DA:91,49
DA:93,49
end_of_record
TN:
SF:/home/xmasapple/progs/pub_s21/c/s21_string.h/src/tests/check_s21_sprintf.c
FN:3,sprintf_impossible
FNDA:1,sprintf_impossible
FN:16,sprintf_c_check
FNDA:1,sprintf_c_check
FN:46,sprintf_s_check
FNDA:1,sprintf_s_check
FN:67,sprintf_u_check
FNDA:1,sprintf_u_check
FN:85,sprintf_d_check
FNDA:1,sprintf_d_check
FN:284,sprintf_X_check
FNDA:1,sprintf_X_check
FN:483,sprintf_o_check
FNDA:1,sprintf_o_check
FN:682,sprintf_x_check
FNDA:1,sprintf_x_check
FN:881,sprintf_f_check
FNDA:1,sprintf_f_check
FN:1001,sprintf_i_check
FNDA:1,sprintf_i_check
FN:1019,sprintf_lhidu_check
FNDA:1,sprintf_lhidu_check
FN:1039,sprintf_e_check
FNDA:1,sprintf_e_check
FN:1078,sprintf_g_check
FNDA:1,sprintf_g_check
FN:1096,sprintf_G_check
FNDA:1,sprintf_G_check
FN:1111,sprintf_p_check
FNDA:1,sprintf_p_check
FN:1120,sprintf_n_check
FNDA:1,sprintf_n_check
FN:1129,sprintf_return_check
FNDA:1,sprintf_return_check
FN:1142,s21_sprintf_suite
FNDA:49,s21_sprintf_suite
FN:1172,test_sprintf
FNDA:49,test_sprintf
DA:3,1
DA:7,1
DA:8,1
DA:11,1
DA:12,1
DA:14,1
DA:16,1
DA:19,1
DA:20,1
DA:21,1
DA:22,1
DA:23,1
DA:24,1
DA:25,1
DA:26,1
DA:27,1
DA:28,1
DA:29,1
DA:30,1
DA:31,1
DA:32,1
DA:33,1
DA:34,1
DA:35,1
DA:36,1
DA:37,1
DA:38,1
DA:39,1
DA:40,1
DA:41,1
DA:42,1
DA:44,1
DA:46,1
DA:49,1
DA:50,1
DA:51,1
DA:52,1
DA:53,1
DA:54,1
DA:55,1
DA:56,1
DA:57,1
DA:58,1
DA:59,1
DA:60,1
DA:61,1
DA:62,1
DA:63,1
DA:65,1
DA:67,1
DA:70,1
DA:71,1
DA:72,1
DA:73,1
DA:74,1
DA:75,1
DA:76,1
DA:77,1
DA:78,1
DA:79,1
DA:80,1
DA:81,1
DA:83,1
DA:85,1
DA:88,1
DA:89,1
DA:90,1
DA:91,1
DA:92,1
DA:93,1
DA:94,1
DA:95,1
DA:96,1
DA:97,1
DA:98,1
DA:99,1
DA:100,1
DA:101,1
DA:102,1
DA:103,1
DA:104,1
DA:105,1
DA:106,1
DA:107,1
DA:108,1
DA:109,1
DA:110,1
DA:111,1
DA:112,1
DA:113,1
DA:114,1
DA:115,1
DA:116,1
DA:117,1
DA:118,1
DA:119,1
DA:120,1
DA:121,1
DA:122,1
DA:123,1
DA:124,1
DA:125,1
DA:126,1
DA:127,1
DA:128,1
DA:129,1
DA:130,1
DA:131,1
DA:132,1
DA:133,1
DA:134,1
DA:135,1
DA:136,1
DA:137,1
DA:138,1
DA:139,1
DA:140,1
DA:141,1
DA:142,1
DA:143,1
DA:144,1
DA:145,1
DA:146,1
DA:147,1
DA:148,1
DA:149,1
DA:150,1
DA:151,1
DA:152,1
DA:153,1
DA:154,1
DA:155,1
DA:156,1
DA:157,1
DA:158,1
DA:159,1
DA:160,1
DA:161,1
DA:162,1
DA:163,1
DA:164,1
DA:165,1
DA:166,1
DA:167,1
DA:168,1
DA:169,1
DA:170,1
DA:171,1
DA:172,1
DA:173,1
DA:174,1
DA:175,1
DA:176,1
DA:177,1
DA:178,1
DA:179,1
DA:180,1
DA:181,1
DA:182,1
DA:183,1
DA:184,1
DA:185,1
DA:186,1
DA:187,1
DA:188,1
DA:189,1
DA:190,1
DA:191,1
DA:192,1
DA:193,1
DA:194,1
DA:195,1
DA:196,1
DA:197,1
DA:198,1
DA:199,1
DA:200,1
DA:201,1
DA:202,1
DA:203,1
DA:204,1
DA:205,1
DA:206,1
DA:207,1
DA:208,1
DA:209,1
DA:210,1
DA:211,1
DA:212,1
DA:213,1
DA:214,1
DA:215,1
DA:216,1
DA:217,1
DA:218,1
DA:219,1
DA:220,1
DA:221,1
DA:222,1
DA:223,1
DA:224,1
DA:225,1
DA:226,1
DA:227,1
DA:228,1
DA:229,1
DA:230,1
DA:231,1
DA:232,1
DA:233,1
DA:234,1
DA:235,1
DA:236,1
DA:237,1
DA:238,1
DA:239,1
DA:240,1
DA:241,1
DA:242,1
DA:243,1
DA:244,1
DA:245,1
DA:246,1
DA:247,1
DA:248,1
DA:249,1
DA:250,1
DA:251,1
DA:252,1
DA:253,1
DA:254,1
DA:255,1
DA:256,1
DA:257,1
DA:258,1
DA:259,1
DA:260,1
DA:261,1
DA:262,1
DA:263,1
DA:264,1
DA:265,1
DA:266,1
DA:267,1
DA:268,1
DA:269,1
DA:270,1
DA:271,1
DA:272,1
DA:273,1
DA:274,1
DA:275,1
DA:276,1
DA:277,1
DA:278,1
DA:279,1
DA:280,1
DA:282,1
DA:284,1
DA:287,1
DA:288,1
DA:289,1
DA:290,1
DA:291,1
DA:292,1
DA:293,1
DA:294,1
DA:295,1
DA:296,1
DA:297,1
DA:298,1
DA:299,1
DA:300,1
DA:301,1
DA:302,1
DA:303,1
DA:304,1
DA:305,1
DA:306,1
DA:307,1
DA:308,1
DA:309,1
DA:310,1
DA:311,1
DA:312,1
DA:313,1
DA:314,1
DA:315,1
DA:316,1
DA:317,1
DA:318,1
DA:319,1
DA:320,1
DA:321,1
DA:322,1
DA:323,1
DA:324,1
DA:325,1
DA:326,1
DA:327,1
DA:328,1
DA:329,1
DA:330,1
DA:331,1
DA:332,1
DA:333,1
DA:334,1
DA:335,1
DA:336,1
DA:337,1
DA:338,1
DA:339,1
DA:340,1
DA:341,1
DA:342,1
DA:343,1
DA:344,1
DA:345,1
DA:346,1
DA:347,1
DA:348,1
DA:349,1
DA:350,1
DA:351,1
DA:352,1
DA:353,1
DA:354,1
DA:355,1
DA:356,1
DA:357,1
DA:358,1
DA:359,1
DA:360,1
DA:361,1
DA:362,1
DA:363,1
DA:364,1
DA:365,1
DA:366,1
DA:367,1
DA:368,1
DA:369,1
DA:370,1
DA:371,1
DA:372,1
DA:373,1
DA:374,1
DA:375,1
DA:376,1
DA:377,1
DA:378,1
DA:379,1
DA:380,1
DA:381,1
DA:382,1
DA:383,1
DA:384,1
DA:385,1
DA:386,1
DA:387,1
DA:388,1
DA:389,1
DA:390,1
DA:391,1
DA:392,1
DA:393,1
DA:394,1
DA:395,1
DA:396,1
DA:397,1
DA:398,1
DA:399,1
DA:400,1
DA:401,1
DA:402,1
DA:403,1
DA:404,1
DA:405,1
DA:406,1
DA:407,1
DA:408,1
DA:409,1
DA:410,1
DA:411,1
DA:412,1
DA:413,1
DA:414,1
DA:415,1
DA:416,1
DA:417,1
DA:418,1
DA:419,1
DA:420,1
DA:421,1
DA:422,1
DA:423,1
DA:424,1
DA:425,1
DA:426,1
DA:427,1
DA:428,1
DA:429,1
DA:430,1
DA:431,1
DA:432,1
DA:433,1
DA:434,1
DA:435,1
DA:436,1
DA:437,1
DA:438,1
DA:439,1
DA:440,1
DA:441,1
DA:442,1
DA:443,1
DA:444,1
DA:445,1
DA:446,1
DA:447,1
DA:448,1
DA:449,1
DA:450,1
DA:451,1
DA:452,1
DA:453,1
DA:454,1
DA:455,1
DA:456,1
DA:457,1
DA:458,1
DA:459,1
DA:460,1
DA:461,1
DA:462,1
DA:463,1
DA:464,1
DA:465,1
DA:466,1
DA:467,1
DA:468,1
DA:469,1
DA:470,1
DA:471,1
DA:472,1
DA:473,1
DA:474,1
DA:475,1
DA:476,1
DA:477,1
DA:478,1
DA:479,1
DA:481,1
DA:483,1
DA:486,1
DA:487,1
DA:488,1
DA:489,1
DA:490,1
DA:491,1
DA:492,1
DA:493,1
DA:494,1
DA:495,1
DA:496,1
DA:497,1
DA:498,1
DA:499,1
DA:500,1
DA:501,1
DA:502,1
DA:503,1
DA:504,1
DA:505,1
DA:506,1
DA:507,1
DA:508,1
DA:509,1
DA:510,1
DA:511,1
DA:512,1
DA:513,1
DA:514,1
DA:515,1
DA:516,1
DA:517,1
DA:518,1
DA:519,1
DA:520,1
DA:521,1
DA:522,1
DA:523,1
DA:524,1
DA:525,1
DA:526,1
DA:527,1
DA:528,1
DA:529,1
DA:530,1
DA:531,1
DA:532,1
DA:533,1
DA:534,1
DA:535,1
DA:536,1
DA:537,1
DA:538,1
DA:539,1
DA:540,1
DA:541,1
DA:542,1
DA:543,1
DA:544,1
DA:545,1
DA:546,1
DA:547,1
DA:548,1
DA:549,1
DA:550,1
DA:551,1
DA:552,1
DA:553,1
DA:554,1
DA:555,1
DA:556,1
DA:557,1
DA:558,1
DA:559,1
DA:560,1
DA:561,1
DA:562,1
DA:563,1
DA:564,1
DA:565,1
DA:566,1
DA:567,1
DA:568,1
DA:569,1
DA:570,1
DA:571,1
DA:572,1
DA:573,1
DA:574,1
DA:575,1
DA:576,1
DA:577,1
DA:578,1
DA:579,1
DA:580,1
DA:581,1
DA:582,1
DA:583,1
DA:584,1
DA:585,1
DA:586,1
DA:587,1
DA:588,1
DA:589,1
DA:590,1
DA:591,1
DA:592,1
DA:593,1
DA:594,1
DA:595,1
DA:596,1
DA:597,1
DA:598,1
DA:599,1
DA:600,1
DA:601,1
DA:602,1
DA:603,1
DA:604,1
DA:605,1
DA:606,1
DA:607,1
DA:608,1
DA:609,1
DA:610,1
DA:611,1
DA:612,1
DA:613,1
DA:614,1
DA:615,1
DA:616,1
DA:617,1
DA:618,1
DA:619,1
DA:620,1
DA:621,1
DA:622,1
DA:623,1
DA:624,1
DA:625,1
DA:626,1
DA:627,1
DA:628,1
DA:629,1
DA:630,1
DA:631,1
DA:632,1
DA:633,1
DA:634,1
DA:635,1
DA:636,1
DA:637,1
DA:638,1
DA:639,1
DA:640,1
DA:641,1
DA:642,1
DA:643,1
DA:644,1
DA:645,1
DA:646,1
DA:647,1
DA:648,1
DA:649,1
DA:650,1
DA:651,1
DA:652,1
DA:653,1
DA:654,1
DA:655,1
DA:656,1
DA:657,1
DA:658,1
DA:659,1
DA:660,1
DA:661,1
DA:662,1
DA:663,1
DA:664,1
DA:665,1
DA:666,1
DA:667,1
DA:668,1
DA:669,1
DA:670,1
DA:671,1
DA:672,1
DA:673,1
DA:674,1
DA:675,1
DA:676,1
DA:677,1
DA:678,1
DA:680,1
DA:682,1
DA:685,1
DA:686,1
DA:687,1
DA:688,1
DA:689,1
DA:690,1
DA:691,1
DA:692,1
DA:693,1
DA:694,1
DA:695,1
DA:696,1
DA:697,1
DA:698,1
DA:699,1
DA:700,1
DA:701,1
DA:702,1
DA:703,1
DA:704,1
DA:705,1
DA:706,1
DA:707,1
DA:708,1
DA:709,1
DA:710,1
DA:711,1
DA:712,1
DA:713,1
DA:714,1
DA:715,1
DA:716,1
DA:717,1
DA:718,1
DA:719,1
DA:720,1
DA:721,1
DA:722,1
DA:723,1
DA:724,1
DA:725,1
DA:726,1
DA:727,1
DA:728,1
DA:729,1
DA:730,1
DA:731,1
DA:732,1
DA:733,1
DA:734,1
DA:735,1
DA:736,1
DA:737,1
DA:738,1
DA:739,1
DA:740,1
DA:741,1
DA:742,1
DA:743,1
DA:744,1
DA:745,1
DA:746,1
DA:747,1
DA:748,1
DA:749,1
DA:750,1
DA:751,1
DA:752,1
DA:753,1
DA:754,1
DA:755,1
DA:756,1
DA:757,1
DA:758,1
DA:759,1
DA:760,1
DA:761,1
DA:762,1
DA:763,1
DA:764,1
DA:765,1
DA:766,1
DA:767,1
DA:768,1
DA:769,1
DA:770,1
DA:771,1
DA:772,1
DA:773,1
DA:774,1
DA:775,1
DA:776,1
DA:777,1
DA:778,1
DA:779,1
DA:780,1
DA:781,1
DA:782,1
DA:783,1
DA:784,1
DA:785,1
DA:786,1
DA:787,1
DA:788,1
DA:789,1
DA:790,1
DA:791,1
DA:792,1
DA:793,1
DA:794,1
DA:795,1
DA:796,1
DA:797,1
DA:798,1
DA:799,1
DA:800,1
DA:801,1
DA:802,1
DA:803,1
DA:804,1
DA:805,1
DA:806,1
DA:807,1
DA:808,1
DA:809,1
DA:810,1
DA:811,1
DA:812,1
DA:813,1
DA:814,1
DA:815,1
DA:816,1
DA:817,1
DA:818,1
DA:819,1
DA:820,1
DA:821,1
DA:822,1
DA:823,1
DA:824,1
DA:825,1
DA:826,1
DA:827,1
DA:828,1
DA:829,1
DA:830,1
DA:831,1
DA:832,1
DA:833,1
DA:834,1
DA:835,1
DA:836,1
DA:837,1
DA:838,1
DA:839,1
DA:840,1
DA:841,1
DA:842,1
DA:843,1
DA:844,1
DA:845,1
DA:846,1
DA:847,1
DA:848,1
DA:849,1
DA:850,1
DA:851,1
DA:852,1
DA:853,1
DA:854,1
DA:855,1
DA:856,1
DA:857,1
DA:858,1
DA:859,1
DA:860,1
DA:861,1
DA:862,1
DA:863,1
DA:864,1
DA:865,1
DA:866,1
DA:867,1
DA:868,1
DA:869,1
DA:870,1
DA:871,1
DA:872,1
DA:873,1
DA:874,1
DA:875,1
DA:876,1
DA:877,1
DA:879,1
DA:881,1
DA:884,1
DA:885,1
DA:886,1
DA:887,1
DA:888,1
DA:889,1
DA:890,1
DA:891,1
DA:892,1
DA:893,1
DA:894,1
DA:895,1
DA:896,1
DA:897,1
DA:898,1
DA:899,1
DA:900,1
DA:901,1
DA:902,1
DA:903,1
DA:904,1
DA:905,1
DA:906,1
DA:907,1
DA:908,1
DA:909,1
DA:910,1
DA:911,1
DA:912,1
DA:913,1
DA:914,1
DA:915,1
DA:916,1
DA:917,1
DA:918,1
DA:919,1
DA:920,1
DA:921,1
DA:922,1
DA:923,1
DA:924,1
DA:925,1
DA:926,1
DA:927,1
DA:928,1
DA:929,1
DA:930,1
DA:931,1
DA:932,1
DA:933,1
DA:934,1
DA:935,1
DA:936,1
DA:937,1
DA:938,1
DA:939,1
DA:940,1
DA:941,1
DA:942,1
DA:943,1
DA:944,1
DA:945,1
DA:946,1
DA:947,1
DA:948,1
DA:949,1
DA:950,1
DA:951,1
DA:952,1
DA:953,1
DA:954,1
DA:955,1
DA:956,1
DA:957,1
DA:958,1
DA:959,1
DA:960,1
DA:961,1
DA:962,1
DA:963,1
DA:964,1
DA:965,1
DA:966,1
DA:967,1
DA:968,1
DA:969,1
DA:970,1
DA:971,1
DA:972,1
DA:973,1
DA:974,1
DA:975,1
DA:976,1
DA:977,1
DA:978,1
DA:979,1
DA:980,1
DA:981,1
DA:982,1
DA:983,1
DA:984,1
DA:985,1
DA:986,1
DA:987,1
DA:988,1
DA:989,1
DA:990,1
DA:991,1
DA:992,1
DA:993,1
DA:994,1
DA:995,1
DA:996,1
DA:997,1
DA:999,1
DA:1001,1
DA:1004,1
DA:1005,1
DA:1006,1
DA:1007,1
DA:1008,1
DA:1009,1
DA:1010,1
DA:1011,1
DA:1012,1
DA:1013,1
DA:1014,1
DA:1015,1
DA:1017,1
DA:1019,1
DA:1022,1
DA:1023,1
DA:1024,1
DA:1025,1
DA:1026,1
DA:1027,1
DA:1028,1
DA:1029,1
DA:1030,1
DA:1031,1
DA:1032,1
DA:1033,1
DA:1034,1
DA:1035,1
DA:1037,1
DA:1039,1
DA:1042,1
DA:1043,1
DA:1044,1
DA:1045,1
DA:1046,1
DA:1047,1
DA:1048,1
DA:1049,1
DA:1050,1
DA:1051,1
DA:1052,1
DA:1053,1
DA:1054,1
DA:1055,1
DA:1056,1
DA:1057,1
DA:1058,1
DA:1059,1
DA:1060,1
DA:1061,1
DA:1062,1
DA:1063,1
DA:1064,1
DA:1065,1
DA:1066,1
DA:1067,1
DA:1068,1
DA:1069,1
DA:1070,1
DA:1071,1
DA:1072,1
DA:1073,1
DA:1074,1
DA:1076,1
DA:1078,1
DA:1081,1
DA:1082,1
DA:1083,1
DA:1084,1
DA:1085,1
DA:1086,1
DA:1087,1
DA:1088,1
DA:1089,1
DA:1090,1
DA:1091,1
DA:1092,1
DA:1094,1
DA:1096,1
DA:1099,1
DA:1100,1
DA:1101,1
DA:1102,1
DA:1103,1
DA:1104,1
DA:1105,1
DA:1106,1
DA:1107,1
DA:1109,1
DA:1111,1
DA:1114,1
DA:1115,1
DA:1116,1
DA:1118,1
DA:1120,1
DA:1122,1
DA:1123,1
DA:1124,1
DA:1125,1
DA:1127,1
DA:1129,1
DA:1132,1
DA:1134,1
DA:1136,1
DA:1140,1
DA:1142,49
DA:1146,49
DA:1147,49
DA:1149,49
DA:1150,49
DA:1151,49
DA:1152,49
DA:1153,49
DA:1154,49
DA:1155,49
DA:1156,49
DA:1157,49
DA:1158,49
DA:1159,49
DA:1160,49
DA:1161,49
DA:1162,49
DA:1163,49
DA:1164,49
DA:1165,49
DA:1167,49
DA:1169,49
DA:1172,49
DA:1173,49
DA:1178,49
DA:1179,49
DA:1181,49
DA:1182,32
DA:1183,32
DA:1185,32
end_of_record
TN:
SF:/home/xmasapple/progs/pub_s21/c/s21_string.h/src/tests/check_s21_sscanf.c
FN:3,test_s21_sscanf
FNDA:1,test_s21_sscanf
FN:76,test_parse_int
FNDA:1,test_parse_int
FN:165,test_parse_uint
FNDA:1,test_parse_uint
FN:211,test_parse_hex
FNDA:1,test_parse_hex
FN:271,test_parse_oct
FNDA:1,test_parse_oct
FN:303,test_parse_i_uint
FNDA:1,test_parse_i_uint
FN:366,test_parse_ptr
FNDA:1,test_parse_ptr
FN:387,test_parse_string
FNDA:1,test_parse_string
FN:426,test_scan_n
FNDA:1,test_scan_n
FN:445,ldabs
FNDA:1,ldabs
FN:447,float_eq
FNDA:15,float_eq
FN:448,double_eq
FNDA:1,double_eq
FN:449,ldouble_eq
FNDA:1,ldouble_eq
FN:451,test_scan_float
FNDA:1,test_scan_float
FN:546,test_scanf_impossible
FNDA:1,test_scanf_impossible
FN:561,s21_sscanf_suite
FNDA:31,s21_sscanf_suite
FN:584,test_sscanf
FNDA:31,test_sscanf
DA:3,1
DA:4,1
DA:5,1
DA:6,1
DA:7,1
DA:9,1
DA:10,1
DA:11,1
DA:13,1
DA:15,1
DA:16,1
DA:18,1
DA:20,1
DA:21,1
DA:23,1
DA:24,1
DA:25,1
DA:27,1
DA:28,1
DA:30,1
DA:32,1
DA:33,1
DA:35,1
DA:37,1
DA:38,1
DA:40,1
DA:42,1
DA:43,1
DA:45,1
DA:47,1
DA:48,1
DA:50,1
DA:53,1
DA:54,1
DA:57,1
DA:58,1
DA:62,1
DA:63,1
DA:66,1
DA:68,1
DA:71,1
DA:72,1
DA:74,1
DA:76,1
DA:77,1
DA:78,1
DA:79,1
DA:81,1
DA:83,1
DA:84,1
DA:86,1
DA:88,1
DA:90,1
DA:92,1
DA:94,1
DA:96,1
DA:99,1
DA:101,1
DA:103,1
DA:105,1
DA:108,1
DA:109,1
DA:111,1
DA:112,1
DA:115,1
DA:117,1
DA:119,1
DA:121,1
DA:124,1
DA:125,1
DA:127,1
DA:129,1
DA:132,1
DA:133,1
DA:135,1
DA:138,1
DA:141,1
DA:142,1
DA:145,1
DA:146,1
DA:149,1
DA:150,1
DA:153,1
DA:154,1
DA:156,1
DA:157,1
DA:159,1
DA:161,1
DA:163,1
DA:165,1
DA:166,1
DA:167,1
DA:168,1
DA:170,1
DA:172,1
DA:174,1
DA:176,1
DA:179,1
DA:181,1
DA:183,1
DA:185,1
DA:187,1
DA:188,1
DA:190,1
DA:191,1
DA:194,1
DA:195,1
DA:198,1
DA:199,1
DA:202,1
DA:203,1
DA:205,1
DA:207,1
DA:209,1
DA:211,1
DA:212,1
DA:214,1
DA:216,1
DA:219,1
DA:221,1
DA:224,1
DA:226,1
DA:229,1
DA:231,1
DA:234,1
DA:236,1
DA:239,1
DA:241,1
DA:243,1
DA:245,1
DA:248,1
DA:250,1
DA:251,1
DA:253,1
DA:256,1
DA:258,1
DA:261,1
DA:263,1
DA:265,1
DA:267,1
DA:269,1
DA:271,1
DA:272,1
DA:274,1
DA:276,1
DA:278,1
DA:280,1
DA:283,1
DA:285,1
DA:288,1
DA:292,1
DA:293,1
DA:295,1
DA:297,1
DA:299,1
DA:301,1
DA:303,1
DA:304,1
DA:306,1
DA:308,1
DA:311,1
DA:313,1
DA:316,1
DA:318,1
DA:321,1
DA:323,1
DA:326,1
DA:328,1
DA:331,1
DA:333,1
DA:336,1
DA:338,1
DA:341,1
DA:343,1
DA:346,1
DA:348,1
DA:351,1
DA:353,1
DA:356,1
DA:358,1
DA:361,1
DA:362,1
DA:364,1
DA:366,1
DA:367,1
DA:368,1
DA:370,1
DA:372,1
DA:373,1
DA:376,1
DA:378,1
DA:381,1
DA:383,1
DA:385,1
DA:387,1
DA:388,1
DA:390,1
DA:391,1
DA:394,1
DA:396,1
DA:400,1
DA:402,1
DA:405,1
DA:407,1
DA:410,1
DA:411,1
DA:414,1
DA:415,1
DA:418,1
DA:419,1
DA:421,1
DA:422,1
DA:424,1
DA:426,1
DA:427,1
DA:428,1
DA:429,1
DA:431,1
DA:434,1
DA:436,1
DA:438,1
DA:439,1
DA:441,1
DA:443,1
DA:445,1
DA:447,15
DA:448,1
DA:449,1
DA:451,1
DA:452,1
DA:453,1
DA:454,1
DA:455,1
DA:457,1
DA:459,1
DA:461,1
DA:463,1
DA:465,1
DA:467,1
DA:469,1
DA:472,1
DA:473,1
DA:474,1
DA:477,1
DA:478,1
DA:479,1
DA:481,1
DA:482,1
DA:483,1
DA:485,1
DA:486,1
DA:487,1
DA:490,1
DA:492,1
DA:494,1
DA:495,1
DA:498,1
DA:499,1
DA:502,1
DA:503,1
DA:506,1
DA:508,1
DA:511,1
DA:513,1
DA:516,1
DA:517,1
DA:520,1
DA:521,1
DA:524,1
DA:525,1
DA:528,1
DA:529,1
DA:532,1
DA:534,1
DA:537,1
DA:538,1
DA:541,1
DA:542,1
DA:544,1
DA:546,1
DA:547,1
DA:548,1
DA:549,1
DA:550,1
DA:551,1
DA:552,1
DA:553,1
DA:554,1
DA:555,1
DA:556,1
DA:557,1
DA:559,1
DA:561,31
DA:565,31
DA:566,31
DA:568,31
DA:569,31
DA:570,31
DA:571,31
DA:572,31
DA:573,31
DA:574,31
DA:575,31
DA:576,31
DA:577,31
DA:578,31
DA:579,31
DA:581,31
DA:584,31
DA:585,31
DA:590,31
DA:591,31
DA:593,31
DA:594,20
DA:595,20
DA:597,20
end_of_record
TN:
SF:/home/xmasapple/progs/pub_s21/c/s21_string.h/src/tests/check_s21_strerror.c
FN:4,test_s21_strerror
FNDA:1,test_s21_strerror
FN:16,s21_strerror_suite
FNDA:32,s21_strerror_suite
FN:29,test_strerror
FNDA:32,test_strerror
DA:4,1
DA:5,267
DA:6,266
DA:8,266
DA:9,266
DA:10,132
DA:14,1
DA:16,32
DA:20,32
DA:21,32
DA:23,32
DA:24,32
DA:26,32
DA:29,32
DA:30,32
DA:35,32
DA:36,32
DA:38,32
DA:39,31
DA:40,31
DA:42,31
end_of_record
TN:
SF:/home/xmasapple/progs/pub_s21/c/s21_string.h/src/tests/check_s21_string.c
FN:3,test_s21_memchr
FNDA:1,test_s21_memchr
FN:21,both_lthteq_zero
FNDA:122,both_lthteq_zero
FN:25,test_s21_memcmp
FNDA:1,test_s21_memcmp
FN:36,test_s21_memcpy
FNDA:1,test_s21_memcpy
FN:60,test_s21_memmove
FNDA:1,test_s21_memmove
FN:84,test_s21_memset
FNDA:1,test_s21_memset
FN:101,test_s21_strcat
FNDA:1,test_s21_strcat
FN:122,test_s21_strncat
FNDA:1,test_s21_strncat
FN:136,test_s21_strchr
FNDA:1,test_s21_strchr
FN:147,test_s21_strcmp
FNDA:1,test_s21_strcmp
FN:156,test_s21_strncmp
FNDA:1,test_s21_strncmp
FN:167,test_s21_strcpy
FNDA:1,test_s21_strcpy
FN:190,test_s21_strncpy
FNDA:1,test_s21_strncpy
FN:214,test_s21_strcspn
FNDA:1,test_s21_strcspn
FN:229,test_s21_strlen
FNDA:1,test_s21_strlen
FN:241,test_s21_strpbrk
FNDA:1,test_s21_strpbrk
FN:254,test_s21_strrchr
FNDA:1,test_s21_strrchr
FN:265,test_s21_strspn
FNDA:1,test_s21_strspn
FN:275,test_s21_strstr
FNDA:1,test_s21_strstr
FN:284,test_s21_strtok
FNDA:1,test_s21_strtok
FN:298,s21_string_suite
FNDA:20,s21_string_suite
FN:329,test_string
FNDA:20,test_string
DA:3,1
DA:4,1
DA:5,1
DA:6,1
DA:7,1
DA:8,1
DA:9,1
DA:10,256
DA:11,4080
DA:12,3825
DA:13,3825
DA:17,1
DA:21,122
DA:22,122
DA:25,1
DA:26,1
DA:27,1
DA:29,31
DA:30,30
DA:31,30
DA:34,1
DA:36,1
DA:37,1
DA:38,1
DA:39,1
DA:40,1
DA:41,1
DA:42,16
DA:43,15
DA:44,15
DA:45,15
DA:47,15
DA:48,15
DA:49,15
DA:51,15
DA:52,15
DA:53,15
DA:55,1
DA:56,1
DA:58,1
DA:60,1
DA:61,1
DA:62,1
DA:63,1
DA:64,1
DA:65,1
DA:66,16
DA:67,15
DA:68,15
DA:69,15
DA:71,15
DA:72,15
DA:73,15
DA:75,15
DA:76,15
DA:77,15
DA:79,1
DA:80,1
DA:82,1
DA:84,1
DA:85,1
DA:86,1
DA:87,101
DA:88,100
DA:89,100
DA:90,100
DA:91,100
DA:93,1
DA:94,1
DA:95,1
DA:96,1
DA:97,1
DA:99,1
DA:101,1
DA:102,1
DA:103,1
DA:105,1
DA:106,1
DA:107,1
DA:109,1
DA:110,1
DA:111,1
DA:113,1
DA:114,1
DA:115,1
DA:117,1
DA:118,1
DA:120,1
DA:122,1
DA:123,1
DA:124,1
DA:126,16
DA:127,15
DA:128,15
DA:129,15
DA:131,1
DA:132,1
DA:134,1
DA:136,1
DA:137,1
DA:138,1
DA:140,128
DA:141,127
DA:142,127
DA:145,1
DA:147,1
DA:148,1
DA:149,1
DA:151,1
DA:152,1
DA:154,1
DA:156,1
DA:157,1
DA:158,1
DA:160,31
DA:161,30
DA:162,30
DA:165,1
DA:167,1
DA:168,1
DA:169,1
DA:170,1
DA:171,1
DA:172,1
DA:173,1
DA:174,1
DA:175,1
DA:177,1
DA:178,1
DA:179,1
DA:181,1
DA:182,1
DA:183,1
DA:185,1
DA:186,1
DA:188,1
DA:190,1
DA:191,1
DA:192,1
DA:193,1
DA:194,1
DA:195,1
DA:196,16
DA:197,15
DA:198,15
DA:199,15
DA:201,15
DA:202,15
DA:203,15
DA:205,15
DA:206,15
DA:207,15
DA:209,1
DA:210,1
DA:212,1
DA:214,1
DA:215,1
DA:216,1
DA:217,1
DA:218,1
DA:219,1
DA:221,1
DA:222,1
DA:225,1
DA:227,1
DA:229,1
DA:230,1
DA:231,1
DA:232,1
DA:233,1
DA:234,1
DA:235,1
DA:236,1
DA:237,1
DA:239,1
DA:241,1
DA:242,1
DA:243,1
DA:244,1
DA:245,1
DA:246,1
DA:248,1
DA:249,1
DA:250,1
DA:252,1
DA:254,1
DA:255,1
DA:256,1
DA:258,128
DA:259,127
DA:260,127
DA:263,1
DA:265,1
DA:267,1
DA:269,1
DA:271,1
DA:273,1
DA:275,1
DA:276,1
DA:277,1
DA:278,1
DA:279,1
DA:280,1
DA:282,1
DA:284,1
DA:285,1
DA:286,1
DA:287,1
DA:288,1
DA:289,5
DA:290,4
DA:291,4
DA:292,4
DA:294,1
DA:296,1
DA:298,20
DA:302,20
DA:303,20
DA:305,20
DA:306,20
DA:307,20
DA:308,20
DA:309,20
DA:310,20
DA:311,20
DA:312,20
DA:313,20
DA:314,20
DA:315,20
DA:316,20
DA:317,20
DA:318,20
DA:319,20
DA:320,20
DA:321,20
DA:322,20
DA:323,20
DA:324,20
DA:326,20
DA:329,20
DA:330,20
DA:335,20
DA:336,20
DA:338,20
DA:339,1
DA:340,1
DA:342,1
end_of_record
TN:
SF:/home/xmasapple/progs/pub_s21/c/s21_string.h/src/s21_convert.c
FN:9,s21_int_to_str
FNDA:135,s21_int_to_str
FN:38,s21_to_precision
FNDA:378,s21_to_precision
FN:51,s21_integer_to_str
FNDA:378,s21_integer_to_str
FN:74,s21_set_denominator_and_prefix
FNDA:378,s21_set_denominator_and_prefix
FN:100,s21_long_double_to_str
FNDA:99,s21_long_double_to_str
FN:147,s21_long_double_str_to_e_notation_str
FNDA:21,s21_long_double_str_to_e_notation_str
FN:214,s21_fill
FNDA:19,s21_fill
FN:232,s21_find_first
FNDA:44,s21_find_first
FN:243,s21_find_a_dot
FNDA:51,s21_find_a_dot
DA:9,135
DA:10,135
DA:11,135
DA:12,135
DA:13,135
DA:14,135
DA:15,135
DA:16,11
DA:17,11
DA:18,11
DA:20,135
DA:21,1
DA:23,515
DA:24,381
DA:25,381
DA:28,135
DA:29,135
DA:30,517
DA:31,382
DA:32,382
DA:35,135
DA:38,378
DA:40,378
DA:41,564
DA:42,469
DA:45,2082
DA:46,1704
DA:48,378
DA:49,378
DA:51,378
DA:54,378
DA:55,378
DA:56,378
DA:57,378
DA:59,2082
DA:60,2082
DA:61,1790
DA:63,292
DA:65,2082
DA:66,2082
DA:67,2082
DA:68,378
DA:70,378
DA:71,378
DA:72,378
DA:74,378
DA:76,378
DA:77,378
DA:78,378
DA:79,189
DA:80,189
DA:81,189
DA:82,63
DA:83,63
DA:84,63
DA:85,63
DA:86,63
DA:87,63
DA:88,63
DA:89,63
DA:90,63
DA:91,63
DA:92,63
DA:93,0
DA:94,0
DA:95,0
DA:97,378
DA:100,99
DA:102,99
DA:104,99
DA:105,99
DA:106,99
DA:107,5
DA:108,5
DA:109,2
DA:112,47597
DA:113,47503
DA:114,47503
DA:115,47503
DA:116,47503
DA:118,94
DA:119,49
DA:120,273
DA:121,238
DA:122,224
DA:123,224
DA:124,224
DA:126,14
DA:128,49
DA:129,1
DA:130,1
DA:133,94
DA:135,99
DA:136,99
DA:137,94
DA:139,99
DA:140,47503
DA:141,47409
DA:144,99
DA:145,99
DA:147,21
DA:150,21
DA:152,21
DA:153,21
DA:154,4
DA:155,4
DA:156,21
DA:157,17
DA:158,1
DA:160,16
DA:162,17
DA:164,4
DA:165,0
DA:166,0
DA:168,4
DA:169,17
DA:170,17
DA:171,14
DA:172,14
DA:173,2
DA:174,2
DA:175,2
DA:177,14
DA:178,12
DA:180,2
DA:181,2
DA:182,2
DA:183,2
DA:186,12
DA:187,12
DA:188,73
DA:189,61
DA:190,61
DA:192,12
DA:193,0
DA:195,12
DA:198,3
DA:199,3
DA:200,21
DA:201,18
DA:202,18
DA:204,3
DA:205,0
DA:206,0
DA:208,3
DA:211,21
DA:212,21
DA:214,19
DA:216,19
DA:217,18
DA:219,114
DA:220,95
DA:222,19
DA:223,19
DA:224,19
DA:225,11
DA:226,11
DA:228,8
DA:230,19
DA:232,44
DA:233,44
DA:234,6441
DA:235,6435
DA:236,38
DA:237,38
DA:240,44
DA:243,51
DA:244,51
DA:245,90
DA:246,90
DA:247,51
DA:248,51
DA:251,51
end_of_record
TN:
SF:/home/xmasapple/progs/pub_s21/c/s21_string.h/src/s21_cs_string.c
FN:3,s21_to_upper
FNDA:7,s21_to_upper
FN:20,s21_to_lower
FNDA:5,s21_to_lower
FN:37,s21_insert
FNDA:5,s21_insert
FN:62,s21_trim
FNDA:6,s21_trim
DA:3,7
DA:4,7
DA:5,7
DA:6,7
DA:7,6
DA:8,6
DA:9,44
DA:10,38
DA:11,38
DA:12,21
DA:14,38
DA:17,7
DA:20,5
DA:21,5
DA:22,5
DA:23,5
DA:24,4
DA:25,4
DA:26,26
DA:27,22
DA:28,22
DA:29,9
DA:31,22
DA:34,5
DA:37,5
DA:38,5
DA:39,5
DA:40,5
DA:41,5
DA:42,4
DA:44,5
DA:45,4
DA:47,5
DA:48,3
DA:49,23
DA:50,20
DA:52,16
DA:53,13
DA:55,19
DA:56,16
DA:59,5
DA:62,6
DA:63,6
DA:64,6
DA:65,6
DA:66,4
DA:67,4
DA:69,4
DA:70,4
DA:71,12
DA:72,8
DA:74,4
DA:75,41
DA:76,41
DA:77,4
DA:78,4
DA:82,4
DA:83,4
DA:84,4
DA:85,4
DA:87,6
end_of_record
TN:
SF:/home/xmasapple/progs/pub_s21/c/s21_string.h/src/s21_dynamic_string.c
FN:6,s21_string_resize
FNDA:5350,s21_string_resize
FN:20,s21_string_init
FNDA:1507,s21_string_init
FN:27,s21_string_push_back
FNDA:63510,s21_string_push_back
FN:37,s21_string_add_string
FNDA:718,s21_string_add_string
FN:44,s21_string_free
FNDA:1507,s21_string_free
DA:6,5350
DA:7,5350
DA:8,94407
DA:9,89057
DA:11,5350
DA:12,5350
DA:13,5350
DA:14,94407
DA:15,89057
DA:17,5350
DA:18,5350
DA:20,1507
DA:21,1507
DA:22,1507
DA:23,1507
DA:24,1507
DA:25,1507
DA:27,63510
DA:28,63510
DA:29,59667
DA:30,59667
DA:32,3843
DA:33,3843
DA:35,63510
DA:37,718
DA:38,7284
DA:39,6566
DA:41,718
DA:42,718
DA:44,1507
end_of_record
TN:
SF:/home/xmasapple/progs/pub_s21/c/s21_string.h/src/s21_flags.c
FN:5,flags_init
FNDA:350,flags_init
FN:14,set_flag
FNDA:545,set_flag
DA:5,350
DA:6,350
DA:7,350
DA:8,350
DA:9,350
DA:10,350
DA:11,350
DA:12,350
DA:14,545
DA:15,545
DA:16,545
DA:17,140
DA:18,140
DA:19,140
DA:20,140
DA:21,39
DA:22,39
DA:23,39
DA:24,6
DA:25,6
DA:26,6
DA:27,6
DA:28,6
DA:29,6
DA:30,4
DA:31,4
DA:32,3
DA:34,4
DA:35,350
DA:36,350
DA:37,350
DA:39,545
end_of_record
TN:
SF:/home/xmasapple/progs/pub_s21/c/s21_string.h/src/s21_sizes.c
FN:3,sizes_init
FNDA:351,sizes_init
FN:11,set_size
FNDA:13,set_size
DA:3,351
DA:4,351
DA:5,351
DA:6,351
DA:7,351
DA:8,351
DA:9,351
DA:11,13
DA:12,13
DA:13,13
DA:14,7
DA:15,7
DA:16,7
DA:17,3
DA:18,3
DA:19,3
DA:20,2
DA:21,2
DA:22,2
DA:23,1
DA:24,1
DA:25,1
DA:27,13
end_of_record
TN:
SF:/home/xmasapple/progs/pub_s21/c/s21_string.h/src/s21_specs.c
FN:3,specs_init
FNDA:350,specs_init
FN:21,set_spec
FNDA:350,set_spec
DA:3,350
DA:4,350
DA:5,350
DA:6,350
DA:7,350
DA:8,350
DA:9,350
DA:10,350
DA:11,350
DA:12,350
DA:13,350
DA:14,350
DA:15,350
DA:16,350
DA:17,350
DA:18,350
DA:19,350
DA:21,350
DA:22,350
DA:23,350
DA:24,67
DA:25,67
DA:26,67
DA:27,39
DA:28,39
DA:29,39
DA:30,5
DA:31,5
DA:32,5
DA:33,4
DA:34,4
DA:35,4
DA:36,6
DA:37,6
DA:38,6
DA:39,10
DA:40,10
DA:41,10
DA:42,1
DA:43,1
DA:44,1
DA:45,63
DA:46,63
DA:47,63
DA:48,63
DA:49,63
DA:50,63
DA:51,13
DA:52,13
DA:53,13
DA:54,9
DA:55,9
DA:56,9
DA:57,4
DA:58,4
DA:59,4
DA:60,63
DA:61,63
DA:62,63
DA:63,1
DA:64,1
DA:65,1
DA:66,2
DA:67,2
DA:68,2
DA:69,0
DA:70,0
DA:71,0
DA:73,350
end_of_record
TN:
SF:/home/xmasapple/progs/pub_s21/c/s21_string.h/src/s21_sprintf.c
FN:13,s21_sprintf
FNDA:341,s21_sprintf
FN:49,handler
FNDA:350,handler
FN:90,s21_find_format_len
FNDA:350,s21_find_format_len
FN:99,get_number
FNDA:477,get_number
FN:110,parse_number_from_string
FNDA:476,parse_number_from_string
FN:122,branching
FNDA:350,branching
FN:188,integer
FNDA:269,integer
FN:201,decimal
FNDA:80,decimal
FN:256,oct_and_hex
FNDA:189,oct_and_hex
FN:269,string
FNDA:5,string
FN:288,pointer
FNDA:1,pointer
FN:311,size_of_line
FNDA:2,size_of_line
FN:316,character
FNDA:13,character
FN:321,floating
FNDA:99,floating
FN:362,ex
FNDA:21,ex
FN:399,g
FNDA:10,g
FN:453,s21_find_short
FNDA:9,s21_find_short
FN:463,reconstruct
FNDA:9,reconstruct
DA:13,341
DA:15,341
DA:16,341
DA:17,341
DA:18,5456
DA:19,5115
DA:22,341
DA:23,341
DA:24,721
DA:25,380
DA:26,22
DA:27,358
DA:28,8
DA:29,8
DA:32,350
DA:33,350
DA:34,350
DA:35,350
DA:36,350
DA:39,341
DA:40,3865
DA:41,3524
DA:43,341
DA:44,341
DA:45,341
DA:46,341
DA:49,350
DA:51,350
DA:55,350
DA:56,350
DA:57,350
DA:58,350
DA:59,545
DA:60,545
DA:61,350
DA:63,195
DA:65,350
DA:66,238
DA:68,350
DA:69,239
DA:70,239
DA:71,239
DA:73,350
DA:74,12
DA:75,12
DA:78,350
DA:79,350
DA:80,350
DA:82,350
DA:83,350
DA:87,350
DA:90,350
DA:91,350
DA:92,1449
DA:93,1099
DA:94,1099
DA:96,350
DA:99,477
DA:100,477
DA:101,477
DA:102,1
DA:103,1
DA:105,476
DA:107,477
DA:110,476
DA:111,476
DA:112,476
DA:113,1128
DA:114,652
DA:115,652
DA:116,652
DA:118,476
DA:119,476
DA:122,350
DA:125,350
DA:126,350
DA:127,207
DA:128,269
DA:129,81
DA:130,5
DA:131,76
DA:132,1
DA:133,75
DA:134,2
DA:135,73
DA:136,13
DA:137,60
DA:138,39
DA:139,21
DA:140,10
DA:141,11
DA:142,1
DA:143,10
DA:144,4
DA:145,6
DA:146,6
DA:148,350
DA:149,99
DA:150,51
DA:151,224
DA:152,173
DA:155,48
DA:156,49
DA:157,1
DA:158,1
DA:159,1
DA:160,1
DA:161,1
DA:163,43
DA:164,42
DA:166,1
DA:167,1
DA:168,1
DA:170,1
DA:171,1
DA:172,1
DA:173,1
DA:176,360
DA:177,313
DA:179,47
DA:183,251
DA:185,350
DA:186,350
DA:188,269
DA:190,269
DA:191,80
DA:192,189
DA:193,63
DA:194,126
DA:195,63
DA:196,63
DA:197,63
DA:199,269
DA:201,80
DA:203,80
DA:204,80
DA:205,71
DA:206,68
DA:207,3
DA:208,1
DA:209,2
DA:210,2
DA:212,9
DA:213,9
DA:214,7
DA:215,2
DA:216,1
DA:217,1
DA:218,1
DA:221,80
DA:222,71
DA:223,46
DA:224,25
DA:225,25
DA:226,46
DA:227,18
DA:228,28
DA:229,1
DA:231,71
DA:232,1
DA:233,1
DA:234,70
DA:235,2
DA:236,2
DA:237,68
DA:238,68
DA:239,68
DA:242,9
DA:243,1
DA:244,1
DA:245,8
DA:246,1
DA:247,1
DA:248,7
DA:249,7
DA:250,7
DA:253,80
DA:254,80
DA:256,189
DA:258,189
DA:259,189
DA:260,2
DA:261,2
DA:262,1
DA:265,189
DA:267,189
DA:269,5
DA:271,5
DA:272,5
DA:273,5
DA:274,5
DA:275,3
DA:277,2
DA:278,1
DA:280,1
DA:283,26
DA:284,21
DA:286,5
DA:288,1
DA:290,1
DA:291,1
DA:293,12
DA:294,12
DA:295,5
DA:297,7
DA:299,12
DA:300,12
DA:301,12
DA:302,1
DA:303,1
DA:304,12
DA:305,11
DA:307,1
DA:308,1
DA:309,1
DA:311,2
DA:312,2
DA:313,2
DA:314,2
DA:316,13
DA:317,13
DA:318,13
DA:319,13
DA:321,99
DA:322,99
DA:323,99
DA:324,99
DA:325,99
DA:326,18
DA:327,18
DA:328,18
DA:329,1
DA:332,81
DA:333,81
DA:334,81
DA:335,15
DA:338,99
DA:339,4
DA:341,99
DA:342,2
DA:344,99
DA:345,16
DA:346,16
DA:347,1
DA:349,15
DA:352,99
DA:353,99
DA:354,18
DA:356,81
DA:358,99
DA:359,99
DA:360,99
DA:362,21
DA:364,21
DA:365,21
DA:366,21
DA:367,5
DA:369,16
DA:371,21
DA:372,21
DA:374,21
DA:375,21
DA:376,21
DA:377,21
DA:378,21
DA:379,21
DA:380,21
DA:381,21
DA:382,21
DA:383,1
DA:384,1
DA:385,1
DA:386,1
DA:387,1
DA:389,21
DA:390,21
DA:391,21
DA:393,21
DA:394,1
DA:396,21
DA:397,21
DA:399,10
DA:400,10
DA:401,10
DA:402,4
DA:404,6
DA:406,10
DA:407,1
DA:408,1
DA:410,9
DA:413,9
DA:414,9
DA:415,9
DA:416,3
DA:418,6
DA:420,9
DA:421,9
DA:423,9
DA:424,9
DA:425,9
DA:426,9
DA:427,9
DA:428,9
DA:429,9
DA:430,9
DA:431,9
DA:433,9
DA:434,9
DA:435,9
DA:436,9
DA:437,9
DA:438,9
DA:439,9
DA:440,9
DA:441,0
DA:442,9
DA:443,6
DA:444,6
DA:446,3
DA:447,3
DA:449,9
DA:450,9
DA:453,9
DA:454,9
DA:455,54
DA:456,45
DA:457,12
DA:460,9
DA:463,9
DA:465,9
DA:466,9
DA:467,33
DA:468,24
DA:469,24
DA:471,48
DA:472,39
DA:474,45
DA:475,36
DA:476,36
DA:478,9
DA:479,9
DA:480,9
DA:481,9
DA:482,9
end_of_record
TN:
SF:/home/xmasapple/progs/pub_s21/c/s21_string.h/src/s21_sscanf.c
FN:3,s21_sscanf
FNDA:108,s21_sscanf
FN:45,scan_specifier
FNDA:116,scan_specifier
FN:83,scan_width
FNDA:20,scan_width
FN:92,is_digit
FNDA:941,is_digit
FN:103,to_digit
FNDA:553,to_digit
FN:119,chr_lower
FNDA:94,chr_lower
FN:126,strstr_icase
FNDA:41,strstr_icase
FN:140,scan
FNDA:117,scan
FN:205,parse_string
FNDA:8,parse_string
FN:228,parse_int
FNDA:41,parse_int
FN:251,parse_based_uint
FNDA:44,parse_based_uint
FN:275,parse_uint
FNDA:16,parse_uint
FN:296,parse_hex
FNDA:20,parse_hex
FN:314,parse_oct
FNDA:9,parse_oct
FN:333,parse_i_uint
FNDA:12,parse_i_uint
FN:358,parse_ptr
FNDA:4,parse_ptr
FN:363,parse_float
FNDA:21,parse_float
FN:393,scan_int
FNDA:44,scan_int
FN:436,scan_based_uint
FNDA:44,scan_based_uint
FN:461,scan_float
FNDA:21,scan_float
FN:495,nan_inf
FNDA:21,nan_inf
FN:507,s21_atof
FNDA:14,s21_atof
FN:529,scientific
FNDA:14,scientific
DA:3,108
DA:4,108
DA:6,108
DA:8,108
DA:9,108
DA:10,108
DA:11,234
DA:12,127
DA:13,118
DA:14,118
DA:15,116
DA:16,116
DA:18,2
DA:19,1
DA:20,1
DA:22,1
DA:26,9
DA:27,6
DA:28,6
DA:29,3
DA:30,2
DA:32,1
DA:36,108
DA:37,1
DA:40,108
DA:42,108
DA:45,116
DA:46,116
DA:47,116
DA:48,4
DA:49,4
DA:52,116
DA:53,20
DA:56,116
DA:57,12
DA:58,12
DA:59,12
DA:60,6
DA:61,6
DA:63,104
DA:64,6
DA:65,6
DA:66,98
DA:67,1
DA:68,1
DA:70,97
DA:72,116
DA:73,116
DA:74,116
DA:75,115
DA:77,1
DA:79,116
DA:80,116
DA:83,20
DA:84,20
DA:85,42
DA:86,22
DA:87,22
DA:89,20
DA:92,941
DA:94,941
DA:95,779
DA:97,192
DA:98,30
DA:100,941
DA:103,553
DA:104,553
DA:105,553
DA:106,301
DA:108,252
DA:109,158
DA:110,94
DA:111,40
DA:113,54
DA:116,553
DA:119,94
DA:120,94
DA:121,1
DA:123,94
DA:126,41
DA:127,41
DA:128,41
DA:129,53
DA:130,12
DA:131,12
DA:133,41
DA:134,4
DA:135,4
DA:137,41
DA:140,117
DA:141,117
DA:142,119
DA:143,2
DA:145,117
DA:146,116
DA:147,3
DA:148,3
DA:149,3
DA:150,40
DA:151,40
DA:152,40
DA:153,12
DA:154,12
DA:155,12
DA:156,3
DA:157,3
DA:158,3
DA:159,2
DA:160,2
DA:161,2
DA:162,13
DA:163,13
DA:164,13
DA:165,1
DA:166,1
DA:167,1
DA:168,1
DA:169,1
DA:170,1
DA:171,6
DA:172,6
DA:173,6
DA:174,5
DA:175,5
DA:176,5
DA:177,11
DA:178,11
DA:179,11
DA:180,8
DA:181,8
DA:182,8
DA:183,4
DA:184,4
DA:185,4
DA:186,4
DA:187,4
DA:188,4
DA:189,1
DA:190,1
DA:191,1
DA:192,1
DA:193,1
DA:194,1
DA:195,1
DA:196,1
DA:197,1
DA:200,1
DA:202,117
DA:205,8
DA:206,8
DA:207,8
DA:208,8
DA:209,4
DA:210,1
DA:212,3
DA:215,46
DA:216,38
DA:217,38
DA:218,38
DA:220,8
DA:221,5
DA:223,8
DA:225,8
DA:228,41
DA:229,41
DA:230,41
DA:231,41
DA:232,41
DA:233,33
DA:234,21
DA:235,21
DA:236,21
DA:237,4
DA:238,4
DA:239,4
DA:240,4
DA:241,4
DA:242,4
DA:243,4
DA:244,4
DA:245,4
DA:247,8
DA:248,41
DA:251,44
DA:253,44
DA:254,44
DA:255,44
DA:256,44
DA:257,37
DA:258,29
DA:259,29
DA:260,29
DA:261,1
DA:262,1
DA:263,1
DA:264,5
DA:265,5
DA:266,5
DA:267,2
DA:268,2
DA:269,2
DA:271,7
DA:272,44
DA:275,16
DA:276,16
DA:277,16
DA:278,16
DA:279,2
DA:280,1
DA:281,1
DA:282,1
DA:284,1
DA:286,14
DA:287,2
DA:288,2
DA:290,16
DA:291,15
DA:293,16
DA:296,20
DA:297,20
DA:298,20
DA:299,2
DA:300,2
DA:301,2
DA:302,18
DA:303,2
DA:304,2
DA:306,20
DA:307,9
DA:308,9
DA:310,20
DA:311,20
DA:314,9
DA:315,9
DA:316,9
DA:317,1
DA:318,1
DA:319,1
DA:320,8
DA:321,2
DA:322,2
DA:324,9
DA:325,4
DA:326,4
DA:327,4
DA:329,9
DA:330,9
DA:333,12
DA:334,12
DA:335,12
DA:336,6
DA:337,6
DA:338,6
DA:339,6
DA:340,1
DA:341,1
DA:343,12
DA:344,12
DA:345,7
DA:346,7
DA:347,4
DA:348,4
DA:350,3
DA:353,5
DA:355,12
DA:358,4
DA:359,4
DA:360,4
DA:363,21
DA:364,21
DA:365,21
DA:366,19
DA:368,21
DA:369,21
DA:370,21
DA:371,21
DA:372,17
DA:373,13
DA:374,13
DA:375,13
DA:376,1
DA:377,1
DA:378,1
DA:379,1
DA:380,1
DA:381,1
DA:382,1
DA:383,1
DA:384,1
DA:385,1
DA:386,1
DA:388,4
DA:389,21
DA:393,44
DA:394,44
DA:395,44
DA:396,31
DA:398,44
DA:399,44
DA:400,7
DA:401,7
DA:402,7
DA:403,37
DA:404,3
DA:405,3
DA:407,44
DA:408,39
DA:409,5
DA:410,1
DA:412,44
DA:413,283
DA:414,250
DA:415,6
DA:416,6
DA:417,6
DA:418,6
DA:419,11
DA:420,6
DA:422,244
DA:423,244
DA:426,44
DA:427,3
DA:429,44
DA:430,39
DA:432,44
DA:436,44
DA:438,44
DA:439,44
DA:440,44
DA:441,44
DA:442,36
DA:444,44
DA:445,314
DA:446,278
DA:447,3
DA:448,7
DA:450,275
DA:451,275
DA:454,36
DA:455,36
DA:457,44
DA:461,21
DA:462,21
DA:463,21
DA:464,21
DA:465,21
DA:466,2
DA:467,2
DA:468,2
DA:469,19
DA:470,1
DA:471,1
DA:473,21
DA:474,4
DA:475,17
DA:476,14
DA:477,14
DA:478,2
DA:479,2
DA:480,1
DA:483,14
DA:484,14
DA:485,3
DA:486,1
DA:488,21
DA:489,17
DA:490,17
DA:492,21
DA:495,21
DA:496,21
DA:497,21
DA:498,1
DA:499,1
DA:500,20
DA:501,3
DA:502,3
DA:504,21
DA:507,14
DA:508,14
DA:509,44
DA:510,30
DA:511,30
DA:512,30
DA:514,14
DA:515,12
DA:516,12
DA:517,12
DA:518,12
DA:519,35
DA:520,35
DA:521,23
DA:522,23
DA:523,23
DA:526,14
DA:529,14
DA:530,14
DA:531,14
DA:533,14
DA:534,3
DA:535,3
DA:536,3
DA:539,14
DA:540,14
end_of_record
TN:
SF:/home/xmasapple/progs/pub_s21/c/s21_string.h/src/s21_strerror.c
FN:3,s21_strerror
FNDA:266,s21_strerror
DA:3,266
DA:251,266
DA:252,134
DA:254,132
DA:255,132
DA:256,132
DA:257,132
DA:258,132
DA:260,266
end_of_record
TN:
SF:/home/xmasapple/progs/pub_s21/c/s21_string.h/src/s21_string.c
FN:3,s21_memchr
FNDA:7654,s21_memchr
FN:16,s21_memcmp
FNDA:122,s21_memcmp
FN:31,s21_memcpy
FNDA:275,s21_memcpy
FN:38,s21_memmove
FNDA:45,s21_memmove
FN:51,s21_memset
FNDA:101,s21_memset
FN:59,s21_strcat
FNDA:135,s21_strcat
FN:72,s21_strncat
FNDA:15,s21_strncat
FN:88,s21_strchr
FNDA:370,s21_strchr
FN:104,s21_strcmp
FNDA:2,s21_strcmp
FN:111,s21_strncmp
FNDA:60,s21_strncmp
FN:115,s21_strcpy
FNDA:136,s21_strcpy
FN:120,s21_strncpy
FNDA:45,s21_strncpy
FN:124,s21_strcspn
FNDA:3,s21_strcspn
FN:145,s21_strlen
FNDA:599,s21_strlen
FN:155,s21_strpbrk
FNDA:7,s21_strpbrk
FN:172,s21_strrchr
FNDA:254,s21_strrchr
FN:187,s21_strspn
FNDA:12,s21_strspn
FN:204,s21_strstr
FNDA:5,s21_strstr
FN:226,s21_strtok
FNDA:5,s21_strtok
DA:3,7654
DA:4,7654
DA:5,7654
DA:6,60281
DA:7,52792
DA:8,165
DA:9,165
DA:11,52627
DA:13,7654
DA:16,122
DA:17,122
DA:18,122
DA:19,122
DA:20,570
DA:21,550
DA:22,102
DA:23,102
DA:25,448
DA:26,448
DA:28,122
DA:31,275
DA:32,3117
DA:33,2842
DA:35,275
DA:38,45
DA:39,45
DA:40,45
DA:41,345
DA:42,300
DA:43,300
DA:44,300
DA:46,45
DA:47,45
DA:48,45
DA:51,101
DA:52,101
DA:53,5066
DA:54,4965
DA:56,101
DA:59,135
DA:60,135
DA:61,135
DA:62,1992
DA:63,1857
DA:65,532
DA:66,397
DA:68,135
DA:69,135
DA:72,15
DA:73,15
DA:74,15
DA:75,15
DA:76,4
DA:78,15
DA:79,15
DA:80,110
DA:81,95
DA:82,95
DA:84,15
DA:85,15
DA:88,370
DA:89,370
DA:90,370
DA:91,2297
DA:92,2048
DA:93,121
DA:94,121
DA:96,1927
DA:98,370
DA:99,123
DA:101,370
DA:104,2
DA:105,2
DA:106,2
DA:107,2
DA:108,2
DA:111,60
DA:112,60
DA:115,136
DA:116,136
DA:117,136
DA:120,45
DA:121,45
DA:124,3
DA:125,3
DA:126,3
DA:127,3
DA:128,3
DA:129,3
DA:130,10
DA:131,7
DA:133,17
DA:134,14
DA:135,2
DA:136,2
DA:139,3
DA:140,1
DA:142,3
DA:145,599
DA:146,599
DA:147,599
DA:148,5498
DA:149,4899
DA:150,4899
DA:152,599
DA:155,7
DA:156,7
DA:157,7
DA:158,7
DA:159,7
DA:160,18
DA:161,11
DA:163,30
DA:164,29
DA:165,6
DA:166,6
DA:169,7
DA:172,254
DA:173,254
DA:174,254
DA:175,1016
DA:176,762
DA:177,6
DA:179,762
DA:181,254
DA:182,2
DA:184,254
DA:187,12
DA:188,12
DA:189,12
DA:190,12
DA:191,12
DA:192,42
DA:193,30
DA:195,21
DA:196,18
DA:197,9
DA:198,9
DA:201,12
DA:204,5
DA:205,5
DA:206,5
DA:207,5
DA:208,21
DA:209,20
DA:210,29
DA:211,25
DA:212,16
DA:213,16
DA:216,20
DA:217,4
DA:218,4
DA:221,5
DA:226,5
DA:227,5
DA:228,5
DA:230,5
DA:232,5
DA:233,5
DA:234,1
DA:235,1
DA:237,5
DA:238,4
DA:239,4
DA:240,4
DA:241,3
DA:242,3
DA:244,1
DA:247,5
end_of_record
TN:
SF:/home/xmasapple/progs/pub_s21/c/s21_string.h/src/s21_vector.c
FN:6,s21_vector_resize
FNDA:591,s21_vector_resize
FN:20,s21_vector_init
FNDA:120,s21_vector_init
FN:27,s21_vector_push_back
FNDA:48069,s21_vector_push_back
FN:37,s21_vector_free
FNDA:120,s21_vector_free
DA:6,591
DA:7,591
DA:8,77772
DA:9,77181
DA:11,591
DA:12,591
DA:13,591
DA:14,77772
DA:15,77181
DA:17,591
DA:18,591
DA:20,120
DA:21,120
DA:22,120
DA:23,120
DA:24,120
DA:25,120
DA:27,48069
DA:28,48069
DA:29,47598
DA:30,47598
DA:32,471
DA:33,471
DA:35,48069
DA:37,120
end_of_record
